[2026-01-09 15:22:14,462] 19 root - INFO - Starting data ingestion
[2026-01-09 15:22:16,683] 21 root - INFO - Data ingestion completed: DataIngestionArtifact(train_file_path='Artifacts\\01_09_2026_15_22_13\\data_ingestion\\ingested\\train.csv', test_file_path='Artifacts\\01_09_2026_15_22_13\\data_ingestion\\ingested\\test.csv')
[2026-01-09 15:22:16,683] 24 root - INFO - Initializing DataValidation
[2026-01-09 15:22:16,691] 36 root - INFO - Schema loaded successfully
[2026-01-09 15:22:16,691] 26 root - INFO - Starting data validation
[2026-01-09 15:22:16,691] 111 root - INFO - Starting data validation
[2026-01-09 15:22:16,730] 56 root - INFO - Expected columns count: 31
[2026-01-09 15:22:16,730] 57 root - INFO - Dataframe columns count: 31
[2026-01-09 15:22:16,902] 126 root - INFO - Data validation completed successfully
[2026-01-09 15:22:16,902] 28 root - INFO - Data validation completed: DataValidationArtifact(validation_status=True, valid_train_file_path='Artifacts\\01_09_2026_15_22_13\\data_validation\\valid\\train.csv', valid_test_file_path='Artifacts\\01_09_2026_15_22_13\\data_validation\\valid\\test.csv', drift_report_file_path='Artifacts\\01_09_2026_15_22_13\\data_validation\\drift_report\\report.yaml')
[2026-01-09 15:22:16,902] 33 root - INFO - Starting data transformation
[2026-01-09 15:22:16,902] 66 root - INFO - Starting data transformation
[2026-01-09 15:22:16,933] 49 root - INFO - Creating data transformer object
[2026-01-09 15:22:16,949] 59 root - INFO - Entered the save_object method of MainUtils class
[2026-01-09 15:22:16,949] 63 root - INFO - Exited the save_object method of MainUtils class
[2026-01-09 15:22:16,949] 59 root - INFO - Entered the save_object method of MainUtils class
[2026-01-09 15:22:16,949] 63 root - INFO - Exited the save_object method of MainUtils class
[2026-01-09 15:22:16,965] 35 root - INFO - Data transformation completed: DataTransformationArtifact(transformed_object_file_path='Artifacts\\01_09_2026_15_22_13\\data_transformation\\transformed_object\\preprocessing.pkl', transformed_train_file_path='Artifacts\\01_09_2026_15_22_13\\data_transformation\\transformed\\train.npy', transformed_test_file_path='Artifacts\\01_09_2026_15_22_13\\data_transformation\\transformed\\test.npy')
[2026-01-09 15:22:16,993] 40 root - INFO - MLflow configured successfully
[2026-01-09 15:22:16,993] 40 root - INFO - Starting model training
[2026-01-09 15:22:16,993] 47 root - INFO - Starting model training
