[2026-01-09 15:16:29,072] 19 root - INFO - Starting data ingestion
[2026-01-09 15:16:31,358] 21 root - INFO - Data ingestion completed: DataIngestionArtifact(train_file_path='Artifacts\\01_09_2026_15_16_27\\data_ingestion\\ingested\\train.csv', test_file_path='Artifacts\\01_09_2026_15_16_27\\data_ingestion\\ingested\\test.csv')
[2026-01-09 15:16:31,358] 24 root - INFO - Initializing DataValidation
[2026-01-09 15:16:31,364] 36 root - INFO - Schema loaded successfully
[2026-01-09 15:16:31,364] 26 root - INFO - Starting data validation
[2026-01-09 15:16:31,364] 111 root - INFO - Starting data validation
[2026-01-09 15:16:31,391] 56 root - INFO - Expected columns count: 31
[2026-01-09 15:16:31,391] 57 root - INFO - Dataframe columns count: 31
[2026-01-09 15:16:31,593] 126 root - INFO - Data validation completed successfully
[2026-01-09 15:16:31,593] 28 root - INFO - Data validation completed: DataValidationArtifact(validation_status=True, valid_train_file_path='Artifacts\\01_09_2026_15_16_27\\data_validation\\valid\\train.csv', valid_test_file_path='Artifacts\\01_09_2026_15_16_27\\data_validation\\valid\\test.csv', drift_report_file_path='Artifacts\\01_09_2026_15_16_27\\data_validation\\drift_report\\report.yaml')
[2026-01-09 15:16:31,593] 33 root - INFO - Starting data transformation
[2026-01-09 15:16:31,593] 66 root - INFO - Starting data transformation
[2026-01-09 15:16:31,609] 49 root - INFO - Creating data transformer object
[2026-01-09 15:16:31,642] 59 root - INFO - Entered the save_object method of MainUtils class
[2026-01-09 15:16:31,642] 63 root - INFO - Exited the save_object method of MainUtils class
[2026-01-09 15:16:31,642] 59 root - INFO - Entered the save_object method of MainUtils class
[2026-01-09 15:16:31,642] 63 root - INFO - Exited the save_object method of MainUtils class
[2026-01-09 15:16:31,651] 35 root - INFO - Data transformation completed: DataTransformationArtifact(transformed_object_file_path='Artifacts\\01_09_2026_15_16_27\\data_transformation\\transformed_object\\preprocessing.pkl', transformed_train_file_path='Artifacts\\01_09_2026_15_16_27\\data_transformation\\transformed\\train.npy', transformed_test_file_path='Artifacts\\01_09_2026_15_16_27\\data_transformation\\transformed\\test.npy')
[2026-01-09 15:16:31,684] 40 root - INFO - Starting model training
[2026-01-09 15:16:31,684] 73 root - INFO - Starting model training
[2026-01-09 15:21:18,212] 110 root - INFO - Best model selected: Random Forest
[2026-01-09 15:21:18,659] 59 root - INFO - Entered the save_object method of MainUtils class
[2026-01-09 15:21:18,745] 63 root - INFO - Exited the save_object method of MainUtils class
[2026-01-09 15:21:18,745] 59 root - INFO - Entered the save_object method of MainUtils class
[2026-01-09 15:21:18,808] 63 root - INFO - Exited the save_object method of MainUtils class
