[2026-01-09 14:20:16,158] 19 root - INFO - Starting data ingestion
[2026-01-09 14:20:19,034] 21 root - INFO - Data ingestion completed: DataIngestionArtifact(train_file_path='Artifacts\\01_09_2026_14_20_14\\data_ingestion\\ingested\\train.csv', test_file_path='Artifacts\\01_09_2026_14_20_14\\data_ingestion\\ingested\\test.csv')
[2026-01-09 14:20:19,034] 24 root - INFO - Initializing DataValidation
[2026-01-09 14:20:19,040] 36 root - INFO - Schema loaded successfully
[2026-01-09 14:20:19,040] 26 root - INFO - Starting data validation
[2026-01-09 14:20:19,040] 111 root - INFO - Starting data validation
[2026-01-09 14:20:19,076] 56 root - INFO - Expected columns count: 31
[2026-01-09 14:20:19,076] 57 root - INFO - Dataframe columns count: 31
[2026-01-09 14:20:19,262] 126 root - INFO - Data validation completed successfully
[2026-01-09 14:20:19,262] 28 root - INFO - Data validation completed: DataValidationArtifact(validation_status=True, valid_train_file_path='Artifacts\\01_09_2026_14_20_14\\data_validation\\valid\\train.csv', valid_test_file_path='Artifacts\\01_09_2026_14_20_14\\data_validation\\valid\\test.csv', drift_report_file_path='Artifacts\\01_09_2026_14_20_14\\data_validation\\drift_report\\report.yaml')
[2026-01-09 14:20:19,262] 33 root - INFO - Starting data transformation
[2026-01-09 14:20:19,262] 66 root - INFO - Starting data transformation
[2026-01-09 14:20:19,302] 49 root - INFO - Creating data transformer object
[2026-01-09 14:20:19,324] 59 root - INFO - Entered the save_object method of MainUtils class
[2026-01-09 14:20:19,324] 63 root - INFO - Exited the save_object method of MainUtils class
[2026-01-09 14:20:19,324] 59 root - INFO - Entered the save_object method of MainUtils class
[2026-01-09 14:20:19,324] 63 root - INFO - Exited the save_object method of MainUtils class
[2026-01-09 14:20:19,324] 35 root - INFO - Data transformation completed: DataTransformationArtifact(transformed_object_file_path='Artifacts\\01_09_2026_14_20_14\\data_transformation\\transformed_object\\preprocessing.pkl', transformed_train_file_path='Artifacts\\01_09_2026_14_20_14\\data_transformation\\transformed\\train.npy', transformed_test_file_path='Artifacts\\01_09_2026_14_20_14\\data_transformation\\transformed\\test.npy')
[2026-01-09 14:20:19,383] 35 root - INFO - MLflow tracking URI set to file:///C:/Users/Smruti/OneDrive/Desktop/Data Science Bootcamp/Udemy final/Network security/mlruns, experiment: NetworkSecurity_Experiment
[2026-01-09 14:20:19,383] 40 root - INFO - Starting model training
[2026-01-09 14:20:19,383] 53 root - INFO - Starting model training
[2026-01-09 14:25:50,461] 90 root - INFO - Best model selected: Random Forest
[2026-01-09 14:25:51,578] 59 root - INFO - Entered the save_object method of MainUtils class
[2026-01-09 14:25:51,731] 63 root - INFO - Exited the save_object method of MainUtils class
[2026-01-09 14:25:51,733] 59 root - INFO - Entered the save_object method of MainUtils class
[2026-01-09 14:25:51,881] 63 root - INFO - Exited the save_object method of MainUtils class
[2026-01-09 14:26:27,396] 47 root - INFO - MLflow run logged successfully
[2026-01-09 14:26:27,410] 42 root - INFO - Model training completed: ModelTrainerArtifact(trained_model_file_path='Artifacts\\01_09_2026_14_20_14\\model_trainer\\trained_model\\model.pkl', train_metric_artifact=ClassificationMetricArtifact(f1_score=0.9919208240759443, precision_score=0.9901209677419355, recall_score=0.9937272359368676), test_metric_artifact=ClassificationMetricArtifact(f1_score=0.9695987028779894, precision_score=0.9552715654952076, recall_score=0.9843621399176955))
