[2026-01-09 14:30:20,556] 19 root - INFO - Starting data ingestion
[2026-01-09 14:30:23,051] 21 root - INFO - Data ingestion completed: DataIngestionArtifact(train_file_path='Artifacts\\01_09_2026_14_30_18\\data_ingestion\\ingested\\train.csv', test_file_path='Artifacts\\01_09_2026_14_30_18\\data_ingestion\\ingested\\test.csv')
[2026-01-09 14:30:23,051] 24 root - INFO - Initializing DataValidation
[2026-01-09 14:30:23,060] 36 root - INFO - Schema loaded successfully
[2026-01-09 14:30:23,060] 26 root - INFO - Starting data validation
[2026-01-09 14:30:23,060] 111 root - INFO - Starting data validation
[2026-01-09 14:30:23,093] 56 root - INFO - Expected columns count: 31
[2026-01-09 14:30:23,093] 57 root - INFO - Dataframe columns count: 31
[2026-01-09 14:30:23,282] 126 root - INFO - Data validation completed successfully
[2026-01-09 14:30:23,282] 28 root - INFO - Data validation completed: DataValidationArtifact(validation_status=True, valid_train_file_path='Artifacts\\01_09_2026_14_30_18\\data_validation\\valid\\train.csv', valid_test_file_path='Artifacts\\01_09_2026_14_30_18\\data_validation\\valid\\test.csv', drift_report_file_path='Artifacts\\01_09_2026_14_30_18\\data_validation\\drift_report\\report.yaml')
[2026-01-09 14:30:23,282] 33 root - INFO - Starting data transformation
[2026-01-09 14:30:23,282] 66 root - INFO - Starting data transformation
[2026-01-09 14:30:23,315] 49 root - INFO - Creating data transformer object
[2026-01-09 14:30:23,338] 59 root - INFO - Entered the save_object method of MainUtils class
[2026-01-09 14:30:23,343] 63 root - INFO - Exited the save_object method of MainUtils class
[2026-01-09 14:30:23,343] 59 root - INFO - Entered the save_object method of MainUtils class
[2026-01-09 14:30:23,347] 63 root - INFO - Exited the save_object method of MainUtils class
[2026-01-09 14:30:23,347] 35 root - INFO - Data transformation completed: DataTransformationArtifact(transformed_object_file_path='Artifacts\\01_09_2026_14_30_18\\data_transformation\\transformed_object\\preprocessing.pkl', transformed_train_file_path='Artifacts\\01_09_2026_14_30_18\\data_transformation\\transformed\\train.npy', transformed_test_file_path='Artifacts\\01_09_2026_14_30_18\\data_transformation\\transformed\\test.npy')
[2026-01-09 14:30:23,386] 35 root - INFO - MLflow tracking URI set to file:///C:/Users/Smruti/OneDrive/Desktop/Data Science Bootcamp/Udemy final/Network security/mlruns, experiment: NetworkSecurity_Experiment
[2026-01-09 14:30:23,386] 40 root - INFO - Starting model training
[2026-01-09 14:30:23,386] 70 root - INFO - Starting model training
