[2026-01-09 15:02:57,324] 19 root - INFO - Starting data ingestion
[2026-01-09 15:02:59,437] 21 root - INFO - Data ingestion completed: DataIngestionArtifact(train_file_path='Artifacts\\01_09_2026_15_02_55\\data_ingestion\\ingested\\train.csv', test_file_path='Artifacts\\01_09_2026_15_02_55\\data_ingestion\\ingested\\test.csv')
[2026-01-09 15:02:59,437] 24 root - INFO - Initializing DataValidation
[2026-01-09 15:02:59,460] 36 root - INFO - Schema loaded successfully
[2026-01-09 15:02:59,460] 26 root - INFO - Starting data validation
[2026-01-09 15:02:59,460] 111 root - INFO - Starting data validation
[2026-01-09 15:02:59,503] 56 root - INFO - Expected columns count: 31
[2026-01-09 15:02:59,503] 57 root - INFO - Dataframe columns count: 31
[2026-01-09 15:02:59,692] 126 root - INFO - Data validation completed successfully
[2026-01-09 15:02:59,694] 28 root - INFO - Data validation completed: DataValidationArtifact(validation_status=True, valid_train_file_path='Artifacts\\01_09_2026_15_02_55\\data_validation\\valid\\train.csv', valid_test_file_path='Artifacts\\01_09_2026_15_02_55\\data_validation\\valid\\test.csv', drift_report_file_path='Artifacts\\01_09_2026_15_02_55\\data_validation\\drift_report\\report.yaml')
[2026-01-09 15:02:59,694] 33 root - INFO - Starting data transformation
[2026-01-09 15:02:59,694] 66 root - INFO - Starting data transformation
[2026-01-09 15:02:59,711] 49 root - INFO - Creating data transformer object
[2026-01-09 15:02:59,743] 59 root - INFO - Entered the save_object method of MainUtils class
[2026-01-09 15:02:59,743] 63 root - INFO - Exited the save_object method of MainUtils class
[2026-01-09 15:02:59,743] 59 root - INFO - Entered the save_object method of MainUtils class
[2026-01-09 15:02:59,743] 63 root - INFO - Exited the save_object method of MainUtils class
[2026-01-09 15:02:59,743] 35 root - INFO - Data transformation completed: DataTransformationArtifact(transformed_object_file_path='Artifacts\\01_09_2026_15_02_55\\data_transformation\\transformed_object\\preprocessing.pkl', transformed_train_file_path='Artifacts\\01_09_2026_15_02_55\\data_transformation\\transformed\\train.npy', transformed_test_file_path='Artifacts\\01_09_2026_15_02_55\\data_transformation\\transformed\\test.npy')
[2026-01-09 15:02:59,784] 40 root - INFO - Starting model training
[2026-01-09 15:02:59,784] 73 root - INFO - Starting model training
[2026-01-09 15:12:33,445] 110 root - INFO - Best model selected: Random Forest
[2026-01-09 15:12:34,344] 59 root - INFO - Entered the save_object method of MainUtils class
[2026-01-09 15:12:34,551] 63 root - INFO - Exited the save_object method of MainUtils class
[2026-01-09 15:12:34,553] 59 root - INFO - Entered the save_object method of MainUtils class
[2026-01-09 15:12:34,782] 63 root - INFO - Exited the save_object method of MainUtils class
[2026-01-09 15:12:50,007] 65 root - INFO - MLflow params, metrics, tags, artifacts logged successfully
[2026-01-09 15:12:56,731] 65 root - INFO - MLflow params, metrics, tags, artifacts logged successfully
[2026-01-09 15:13:02,050] 65 root - INFO - MLflow params, metrics, tags, artifacts logged successfully
[2026-01-09 15:13:06,810] 65 root - INFO - MLflow params, metrics, tags, artifacts logged successfully
[2026-01-09 15:13:12,100] 65 root - INFO - MLflow params, metrics, tags, artifacts logged successfully
[2026-01-09 15:13:19,019] 65 root - INFO - MLflow params, metrics, tags, artifacts logged successfully
[2026-01-09 15:13:25,570] 65 root - INFO - MLflow params, metrics, tags, artifacts logged successfully
[2026-01-09 15:13:32,593] 65 root - INFO - MLflow params, metrics, tags, artifacts logged successfully
[2026-01-09 15:13:38,817] 65 root - INFO - MLflow params, metrics, tags, artifacts logged successfully
[2026-01-09 15:13:45,676] 65 root - INFO - MLflow params, metrics, tags, artifacts logged successfully
[2026-01-09 15:13:54,312] 65 root - INFO - MLflow params, metrics, tags, artifacts logged successfully
[2026-01-09 15:14:07,096] 65 root - INFO - MLflow params, metrics, tags, artifacts logged successfully
[2026-01-09 15:14:34,771] 65 root - INFO - MLflow params, metrics, tags, artifacts logged successfully
