[2026-01-11 20:41:58,448] 1025 httpx - INFO - HTTP Request: GET https://dagshub.com/api/v1/user "HTTP/1.1 200 OK"
[2026-01-11 20:41:58,480] 107 dagshub - INFO - Accessing as smrutighodekar77-pixel
[2026-01-11 20:41:59,296] 1025 httpx - INFO - HTTP Request: GET https://dagshub.com/api/v1/repos/smrutighodekar77-pixel/networksecurity "HTTP/1.1 200 OK"
[2026-01-11 20:42:00,032] 1025 httpx - INFO - HTTP Request: GET https://dagshub.com/api/v1/user "HTTP/1.1 200 OK"
[2026-01-11 20:42:00,041] 107 dagshub - INFO - Initialized MLflow to track repo "smrutighodekar77-pixel/networksecurity"
[2026-01-11 20:42:00,045] 107 dagshub - INFO - Repository smrutighodekar77-pixel/networksecurity initialized!
[2026-01-11 20:42:00,050] 29 root - WARNING - MongoDB URL not found, skipping DB connection
[2026-01-11 20:42:00,061] 56 root - ERROR - Model loading failed: Error occured in python script name [C:\Users\Smruti\OneDrive\Desktop\Data Science Bootcamp\Udemy final\Network security\networksecurity\utils\main_utils\utils.py] line number [71] error message [The file: final_model/preprocessor.pkl is not exists]
[2026-01-11 20:42:07,538] 40 root - INFO - Start data Ingestion
[2026-01-11 20:42:12,533] 43 root - INFO - Data Ingestion completed and artifact: DataIngestionArtifact(train_file_path='Artifacts\\01_11_2026_20_42_07\\data_ingestion\\ingested\\train.csv', test_file_path='Artifacts\\01_11_2026_20_42_07\\data_ingestion\\ingested\\test.csv')
[2026-01-11 20:42:12,534] 24 root - INFO - Initializing DataValidation
[2026-01-11 20:42:12,544] 36 root - INFO - Schema loaded successfully
[2026-01-11 20:42:12,544] 54 root - INFO - Initiate the data Validation
[2026-01-11 20:42:12,544] 111 root - INFO - Starting data validation
[2026-01-11 20:42:12,578] 56 root - INFO - Expected columns count: 31
[2026-01-11 20:42:12,578] 57 root - INFO - Dataframe columns count: 31
[2026-01-11 20:42:12,764] 126 root - INFO - Data validation completed successfully
[2026-01-11 20:42:12,765] 66 root - INFO - Starting data transformation
[2026-01-11 20:42:12,791] 49 root - INFO - Creating data transformer object
[2026-01-11 20:42:12,809] 59 root - INFO - Entered the save_object method of MainUtils class
[2026-01-11 20:42:12,813] 63 root - INFO - Exited the save_object method of MainUtils class
[2026-01-11 20:42:12,813] 59 root - INFO - Entered the save_object method of MainUtils class
[2026-01-11 20:42:12,817] 63 root - INFO - Exited the save_object method of MainUtils class
[2026-01-11 20:42:12,818] 59 root - INFO - Entered the save_object method of MainUtils class
[2026-01-11 20:42:12,822] 63 root - INFO - Exited the save_object method of MainUtils class
[2026-01-11 20:43:03,910] 110 root - INFO - Best model selected: Random Forest
[2026-01-11 20:43:56,039] 59 root - INFO - Entered the save_object method of MainUtils class
[2026-01-11 20:43:56,068] 63 root - INFO - Exited the save_object method of MainUtils class
[2026-01-11 20:43:56,069] 59 root - INFO - Entered the save_object method of MainUtils class
[2026-01-11 20:43:56,096] 63 root - INFO - Exited the save_object method of MainUtils class
[2026-01-11 20:43:56,096] 144 root - INFO - Model pushed successfully
[2026-01-11 20:45:27,169] 54 root - INFO - Model and preprocessor loaded successfully
